# JRE version: OpenJDK Runtime Environment (11.0.4+11) (build 11.0.4+11-post-Debian-1)
# Java VM: OpenJDK 64-Bit Server VM (11.0.4+11-post-Debian-1, mixed mode, sharing, tiered, compressed oops, g1 gc, linux-amd64)
Heap:
 garbage-first heap   total 306176K, used 277362K [0x000000074d400000, 0x0000000800000000)
  region size 1024K, 59 young (60416K), 3 survivors (3072K)
 Metaspace       used 26100K, capacity 26547K, committed 27008K, reserved 1073152K
  class space    used 2929K, capacity 3091K, committed 3200K, reserved 1048576K
GC Heap History (10 events):
Event: 1173.036 GC heap before
{Heap before GC invocations=22 (full 0):
 garbage-first heap   total 306176K, used 280473K [0x000000074d400000, 0x0000000800000000)
  region size 1024K, 63 young (64512K), 3 survivors (3072K)
 Metaspace       used 26068K, capacity 26547K, committed 27008K, reserved 1073152K
  class space    used 2929K, capacity 3091K, committed 3200K, reserved 1048576K
}
Event: 1173.038 GC heap after
{Heap after GC invocations=23 (full 0):
 garbage-first heap   total 306176K, used 60395K [0x000000074d400000, 0x0000000800000000)
  region size 1024K, 3 young (3072K), 3 survivors (3072K)
 Metaspace       used 26068K, capacity 26547K, committed 27008K, reserved 1073152K
  class space    used 2929K, capacity 3091K, committed 3200K, reserved 1048576K
}
Event: 1475.259 GC heap before
{Heap before GC invocations=24 (full 0):
 garbage-first heap   total 306176K, used 281579K [0x000000074d400000, 0x0000000800000000)
  region size 1024K, 64 young (65536K), 3 survivors (3072K)
 Metaspace       used 26081K, capacity 26547K, committed 27008K, reserved 1073152K
  class space    used 2929K, capacity 3091K, committed 3200K, reserved 1048576K
}
Event: 1475.262 GC heap after
{Heap after GC invocations=25 (full 0):
 garbage-first heap   total 306176K, used 60415K [0x000000074d400000, 0x0000000800000000)
  region size 1024K, 3 young (3072K), 3 survivors (3072K)
 Metaspace       used 26081K, capacity 26547K, committed 27008K, reserved 1073152K
  class space    used 2929K, capacity 3091K, committed 3200K, reserved 1048576K
}
Event: 1777.678 GC heap before
{Heap before GC invocations=26 (full 0):
 garbage-first heap   total 306176K, used 281599K [0x000000074d400000, 0x0000000800000000)
  region size 1024K, 64 young (65536K), 3 survivors (3072K)
 Metaspace       used 26084K, capacity 26547K, committed 27008K, reserved 1073152K
  class space    used 2929K, capacity 3091K, committed 3200K, reserved 1048576K
}
Event: 1777.684 GC heap after
{Heap after GC invocations=27 (full 0):
 garbage-first heap   total 306176K, used 60370K [0x000000074d400000, 0x0000000800000000)
  region size 1024K, 3 young (3072K), 3 survivors (3072K)
 Metaspace       used 26084K, capacity 26547K, committed 27008K, reserved 1073152K
  class space    used 2929K, capacity 3091K, committed 3200K, reserved 1048576K
}
Event: 2093.809 GC heap before
{Heap before GC invocations=28 (full 0):
 garbage-first heap   total 306176K, used 281554K [0x000000074d400000, 0x0000000800000000)
  region size 1024K, 64 young (65536K), 3 survivors (3072K)
 Metaspace       used 26099K, capacity 26547K, committed 27008K, reserved 1073152K
  class space    used 2929K, capacity 3091K, committed 3200K, reserved 1048576K
}
Event: 2093.811 GC heap after
{Heap after GC invocations=29 (full 0):
 garbage-first heap   total 306176K, used 60384K [0x000000074d400000, 0x0000000800000000)
  region size 1024K, 3 young (3072K), 3 survivors (3072K)
 Metaspace       used 26099K, capacity 26547K, committed 27008K, reserved 1073152K
  class space    used 2929K, capacity 3091K, committed 3200K, reserved 1048576K
}
Event: 2396.480 GC heap before
{Heap before GC invocations=30 (full 0):
 garbage-first heap   total 306176K, used 281568K [0x000000074d400000, 0x0000000800000000)
  region size 1024K, 64 young (65536K), 3 survivors (3072K)
 Metaspace       used 26100K, capacity 26547K, committed 27008K, reserved 1073152K
  class space    used 2929K, capacity 3091K, committed 3200K, reserved 1048576K
}
Event: 2396.483 GC heap after
{Heap after GC invocations=31 (full 0):
 garbage-first heap   total 306176K, used 60274K [0x000000074d400000, 0x0000000800000000)
  region size 1024K, 3 young (3072K), 3 survivors (3072K)
 Metaspace       used 26100K, capacity 26547K, committed 27008K, reserved 1073152K
  class space    used 2929K, capacity 3091K, committed 3200K, reserved 1048576K
}

